{
  "RSpec": {
    "coverage": {
      "/Users/karin/jobapps/app/helpers/application_helper.rb": [
        1,
        null,
        1,
        null,
        null,
        1,
        0,
        null,
        null,
        null,
        1,
        1,
        1,
        1,
        null,
        null,
        1,
        2,
        2,
        null,
        null
      ],
      "/Users/karin/jobapps/app/models/question.rb": [
        1,
        1,
        null,
        1,
        null,
        null,
        null,
        null,
        null,
        null,
        1,
        null,
        null,
        null,
        null,
        null,
        24,
        1,
        null,
        null,
        null,
        1,
        1,
        null,
        26,
        null,
        1,
        0,
        null,
        null,
        1,
        0,
        null,
        null,
        1,
        0,
        null,
        null,
        null,
        null,
        1,
        null,
        5,
        null,
        3,
        null,
        2,
        null,
        5,
        5,
        4,
        4,
        4,
        4,
        4,
        null,
        null,
        null,
        null,
        4,
        null,
        null,
        null,
        null,
        null
      ],
      "/Users/karin/jobapps/app/models/user.rb": [
        1,
        1,
        1,
        null,
        1,
        null,
        null,
        null,
        null,
        1,
        null,
        1,
        null,
        5,
        1,
        1,
        null,
        1,
        1,
        null,
        null,
        1,
        1,
        null,
        null,
        1,
        2,
        null,
        null
      ],
      "/Users/karin/jobapps/app/models/site_text.rb": [
        1,
        1,
        null
      ],
      "/Users/karin/jobapps/app/models/application_template.rb": [
        1,
        1,
        1,
        1,
        null,
        1,
        null
      ],
      "/Users/karin/jobapps/app/models/position.rb": [
        1,
        1,
        1,
        1,
        1,
        null,
        1,
        null,
        null,
        null,
        6,
        null,
        1,
        0,
        null,
        null,
        null
      ],
      "/Users/karin/jobapps/app/models/department.rb": [
        1,
        1,
        1,
        1,
        1,
        null,
        6,
        null,
        null
      ]
    },
    "timestamp": 1432913703
  }
}
