{
  "RSpec": {
    "coverage": {
      "/Users/dsfaulkenberry/jobapps/spec/models/question_spec.rb": [
        1,
        1,
        null,
        1,
        1,
        1,
        5,
        0,
        0,
        0,
        null,
        1,
        1,
        0,
        0,
        null,
        1,
        0,
        0,
        null,
        1,
        0,
        0,
        null,
        0,
        null,
        null,
        null,
        1,
        1,
        0,
        0,
        null,
        1,
        0,
        0,
        null,
        null,
        null,
        null
      ],
      "/Users/dsfaulkenberry/jobapps/spec/rails_helper.rb": [
        1,
        1,
        1,
        1,
        1,
        null,
        1,
        1,
        1,
        1,
        1,
        null
      ],
      "/Users/dsfaulkenberry/jobapps/config/environment.rb": [
        null,
        1,
        null,
        null,
        1
      ],
      "/Users/dsfaulkenberry/jobapps/config/application.rb": [
        1,
        null,
        1,
        null,
        null,
        null,
        1,
        null,
        1,
        1,
        null,
        null,
        null,
        null,
        null,
        null,
        null,
        1,
        null,
        null,
        null,
        null,
        null,
        null,
        1,
        null,
        null
      ],
      "/Users/dsfaulkenberry/jobapps/config/boot.rb": [
        null,
        1,
        null,
        1
      ],
      "/Users/dsfaulkenberry/jobapps/config/environments/test.rb": [
        1,
        null,
        null,
        null,
        null,
        null,
        null,
        1,
        null,
        null,
        null,
        null,
        1,
        null,
        null,
        1,
        1,
        null,
        null,
        1,
        1,
        null,
        null,
        1,
        null,
        null,
        1,
        null,
        null,
        null,
        null,
        1,
        null,
        null,
        1,
        null,
        null,
        null,
        null
      ],
      "/Users/dsfaulkenberry/jobapps/config/initializers/assets.rb": [
        null,
        null,
        null,
        1,
        null,
        null,
        null,
        null
      ],
      "/Users/dsfaulkenberry/jobapps/config/initializers/backtrace_silencers.rb": [
        null,
        null,
        null,
        null,
        null,
        null,
        null
      ],
      "/Users/dsfaulkenberry/jobapps/config/initializers/cookies_serializer.rb": [
        null,
        null,
        1
      ],
      "/Users/dsfaulkenberry/jobapps/config/initializers/exceptions.rb": [
        1,
        1,
        0,
        null,
        null
      ],
      "/Users/dsfaulkenberry/jobapps/config/initializers/filter_parameter_logging.rb": [
        null,
        null,
        null,
        1
      ],
      "/Users/dsfaulkenberry/jobapps/config/initializers/inflections.rb": [
        null,
        null,
        null,
        null,
        null,
        null,
        null,
        null,
        null,
        null,
        null,
        null,
        null,
        null,
        null,
        null
      ],
      "/Users/dsfaulkenberry/jobapps/config/initializers/mime_types.rb": [
        null,
        null,
        null,
        null
      ],
      "/Users/dsfaulkenberry/jobapps/config/initializers/session_store.rb": [
        null,
        null,
        1
      ],
      "/Users/dsfaulkenberry/jobapps/config/initializers/wrap_parameters.rb": [
        null,
        null,
        null,
        null,
        null,
        null,
        1,
        1,
        null,
        null,
        null,
        null,
        null,
        null
      ],
      "/Users/dsfaulkenberry/jobapps/spec/factories/application_templates.rb": [
        1,
        1,
        1,
        null,
        null
      ],
      "/Users/dsfaulkenberry/jobapps/spec/factories/departments.rb": [
        1,
        1,
        1,
        null,
        null
      ],
      "/Users/dsfaulkenberry/jobapps/spec/factories/questions.rb": [
        1,
        1,
        1,
        1,
        1,
        null,
        1,
        1,
        1,
        null,
        null
      ],
      "/Users/dsfaulkenberry/jobapps/spec/factories/users.rb": [
        1,
        1,
        1,
        1,
        1,
        2,
        null,
        null
      ],
      "/Users/dsfaulkenberry/jobapps/config/routes.rb": [
        1,
        1,
        null,
        1,
        null,
        1,
        1,
        1,
        null,
        null,
        null,
        1,
        1,
        1,
        1,
        1,
        null,
        null,
        null,
        1,
        null,
        1,
        1,
        1,
        1,
        null,
        null,
        null,
        1,
        null,
        1,
        1,
        1,
        null,
        null,
        null,
        1,
        1,
        1,
        null,
        0,
        0,
        null,
        null,
        null,
        1,
        null,
        null,
        null,
        1,
        1,
        1,
        1,
        null,
        1,
        1,
        null,
        null,
        null,
        1,
        null,
        null
      ],
      "/Users/dsfaulkenberry/jobapps/app/helpers/application_helper.rb": [
        1,
        null,
        1,
        null,
        null,
        1,
        0,
        null,
        null,
        null,
        1,
        0,
        0,
        0,
        null,
        null,
        1,
        0,
        0,
        null,
        null
      ],
      "/Users/dsfaulkenberry/jobapps/db/schema.rb": [
        null,
        null,
        null,
        null,
        null,
        null,
        null,
        null,
        null,
        null,
        null,
        null,
        null,
        1,
        null,
        1,
        1,
        1,
        1,
        1,
        1,
        1,
        1,
        null,
        null,
        1,
        1,
        1,
        1,
        null,
        null,
        1,
        1,
        1,
        1,
        null,
        null,
        1,
        1,
        1,
        1,
        1,
        1,
        1,
        1,
        1,
        null,
        null,
        1,
        1,
        1,
        1,
        1,
        null,
        null,
        1,
        1,
        1,
        1,
        1,
        1,
        1,
        1,
        1,
        null,
        null,
        1,
        1,
        1,
        1,
        1,
        null,
        null,
        1,
        1,
        1,
        1,
        1,
        1,
        1,
        1,
        null,
        null,
        null
      ],
      "/Users/dsfaulkenberry/jobapps/app/models/question.rb": [
        1,
        1,
        null,
        1,
        null,
        null,
        null,
        null,
        null,
        null,
        1,
        null,
        null,
        null,
        null,
        null,
        1,
        1,
        null,
        null,
        null,
        1,
        1,
        null,
        1,
        null,
        1,
        0,
        null,
        null,
        1,
        0,
        null,
        null,
        1,
        0,
        null,
        null,
        null,
        null,
        1,
        null,
        0,
        null,
        0,
        null,
        0,
        null,
        0,
        0,
        0,
        0,
        0,
        0,
        0,
        null,
        null,
        null,
        null,
        0,
        null,
        null,
        null,
        null,
        null
      ],
      "/Users/dsfaulkenberry/jobapps/spec/models/user_spec.rb": [
        1,
        null,
        1,
        1,
        1,
        1,
        null,
        1,
        0,
        null,
        null,
        null
      ],
      "/Users/dsfaulkenberry/jobapps/app/models/user.rb": [
        1,
        1,
        1,
        null,
        1,
        null,
        null,
        null,
        null,
        1,
        null,
        1,
        null,
        2,
        1,
        1,
        null,
        1,
        0,
        null,
        null,
        1,
        0,
        null,
        null,
        1,
        0,
        null,
        null
      ],
      "/Users/dsfaulkenberry/jobapps/app/models/application_template.rb": [
        1,
        1,
        1,
        1,
        null,
        1,
        null
      ],
      "/Users/dsfaulkenberry/jobapps/app/models/department.rb": [
        1,
        1,
        1,
        1,
        1,
        null,
        6,
        null,
        null
      ]
    },
    "timestamp": 1432905185
  }
}
